<?xml version="1.0" encoding="UTF-8" ?>
<testsuite errors="0" failures="0" name="junit.TestOne" tests="2" time="0.344">
  <properties>
[...]
</properties>
  <testcase classname="junit.framework.JUnit4TestCaseFacade" name="unknown" time="0.015"></testcase>
  <testcase classname="junit.framework.JUnit4TestCaseFacade" name="unknown" time="0.016"></testcase>
  <system-out><![CDATA[Init tests ...
1 : 'invoke0' started at : Mon Oct 15 12:12:40 EEST 2007
	sum = 50005000
1 : 'invoke0' ended at : Mon Oct 15 12:12:40 EEST 2007
2 : 'invoke0' started at : Mon Oct 15 12:12:40 EEST 2007
Finish.
]]></system-out>
  <system-err><![CDATA[]]></system-err>
</testsuite>
